<?xml version="1.0" encoding="UTF-8"?>
<!-- Generated by org.testng.reporters.JUnitReportReporter -->
<testsuite hostname="PRANAYC" failures="0" tests="1" name="MySeleniumJavaClass" time="17.207" errors="0" timestamp="2023-06-07T20:26:29 IST" skipped="0">
  <testcase classname="MySeleniumJavaClass" name="testExecution" time="17.207"/>
  <system-out/>
</testsuite> <!-- MySeleniumJavaClass -->
