<?xml version="1.0" encoding="UTF-8"?>
<!-- Generated by org.testng.reporters.JUnitReportReporter -->
<testsuite hostname="PRANAYC" failures="0" tests="1" name="MySeleniumJavaClass2" time="17.406" errors="0" timestamp="2023-06-07T21:29:27 IST" skipped="0">
  <testcase classname="MySeleniumJavaClass2" name="testExecution" time="17.406"/>
  <system-out/>
</testsuite> <!-- MySeleniumJavaClass2 -->
