<?xml version="1.0" encoding="UTF-8"?>
<!-- Generated by org.testng.reporters.JUnitReportReporter -->
<testsuite hostname="PRANAYC" failures="0" tests="1" name="MySeleniumJavaClass3" time="8.921" errors="0" timestamp="2023-06-07T21:02:30 IST" skipped="0">
  <testcase classname="MySeleniumJavaClass3" name="testExecution" time="8.921"/>
  <system-out/>
</testsuite> <!-- MySeleniumJavaClass3 -->
