<?xml version="1.0" encoding="UTF-8"?>
<!-- Generated by org.testng.reporters.JUnitReportReporter -->
<testsuite hostname="PRANAYC" failures="0" tests="1" name="MySeleniumJavaClass2" time="8.555" errors="0" timestamp="2023-06-10T06:33:34 IST" skipped="0">
  <testcase classname="MySeleniumJavaClass2" name="testExecution" time="8.555"/>
  <system-out/>
</testsuite> <!-- MySeleniumJavaClass2 -->
